# JRE version: OpenJDK Runtime Environment 18.9 (11.0.11+9) (build 11.0.11+9)
# Java VM: OpenJDK 64-Bit Server VM 18.9 (11.0.11+9, mixed mode, tiered, compressed oops, g1 gc, windows-amd64)
Heap:
 garbage-first heap   total 429056K, used 251652K [0x0000000740000000, 0x0000000800000000)
  region size 1024K, 1 young (1024K), 0 survivors (0K)
 Metaspace       used 127999K, capacity 130037K, committed 132232K, reserved 1163264K
  class space    used 16383K, capacity 17246K, committed 18048K, reserved 1048576K
GC Heap History (20 events):
Event: 11847.260 GC heap before
{Heap before GC invocations=1399 (full 16):
 garbage-first heap   total 389120K, used 316059K [0x0000000740000000, 0x0000000800000000)
  region size 1024K, 60 young (61440K), 1 survivors (1024K)
 Metaspace       used 127912K, capacity 129965K, committed 132232K, reserved 1163264K
  class space    used 16380K, capacity 17244K, committed 18048K, reserved 1048576K
}
Event: 11847.261 GC heap after
{Heap after GC invocations=1400 (full 16):
 garbage-first heap   total 389120K, used 255645K [0x0000000740000000, 0x0000000800000000)
  region size 1024K, 1 young (1024K), 1 survivors (1024K)
 Metaspace       used 127912K, capacity 129965K, committed 132232K, reserved 1163264K
  class space    used 16380K, capacity 17244K, committed 18048K, reserved 1048576K
}
Event: 11847.415 GC heap before
{Heap before GC invocations=1400 (full 16):
 garbage-first heap   total 389120K, used 316061K [0x0000000740000000, 0x0000000800000000)
  region size 1024K, 60 young (61440K), 1 survivors (1024K)
 Metaspace       used 127912K, capacity 129965K, committed 132232K, reserved 1163264K
  class space    used 16380K, capacity 17244K, committed 18048K, reserved 1048576K
}
Event: 11847.417 GC heap after
{Heap after GC invocations=1401 (full 16):
 garbage-first heap   total 389120K, used 255653K [0x0000000740000000, 0x0000000800000000)
  region size 1024K, 1 young (1024K), 1 survivors (1024K)
 Metaspace       used 127912K, capacity 129965K, committed 132232K, reserved 1163264K
  class space    used 16380K, capacity 17244K, committed 18048K, reserved 1048576K
}
Event: 11848.396 GC heap before
{Heap before GC invocations=1402 (full 16):
 garbage-first heap   total 389120K, used 316069K [0x0000000740000000, 0x0000000800000000)
  region size 1024K, 60 young (61440K), 1 survivors (1024K)
 Metaspace       used 127916K, capacity 129965K, committed 132232K, reserved 1163264K
  class space    used 16380K, capacity 17244K, committed 18048K, reserved 1048576K
}
Event: 11848.398 GC heap after
{Heap after GC invocations=1403 (full 16):
 garbage-first heap   total 389120K, used 255855K [0x0000000740000000, 0x0000000800000000)
  region size 1024K, 1 young (1024K), 1 survivors (1024K)
 Metaspace       used 127916K, capacity 129965K, committed 132232K, reserved 1163264K
  class space    used 16380K, capacity 17244K, committed 18048K, reserved 1048576K
}
Event: 11861.893 GC heap before
{Heap before GC invocations=1403 (full 16):
 garbage-first heap   total 389120K, used 316271K [0x0000000740000000, 0x0000000800000000)
  region size 1024K, 60 young (61440K), 1 survivors (1024K)
 Metaspace       used 127937K, capacity 129969K, committed 132232K, reserved 1163264K
  class space    used 16383K, capacity 17245K, committed 18048K, reserved 1048576K
}
Event: 11861.896 GC heap after
{Heap after GC invocations=1404 (full 16):
 garbage-first heap   total 389120K, used 256663K [0x0000000740000000, 0x0000000800000000)
  region size 1024K, 2 young (2048K), 2 survivors (2048K)
 Metaspace       used 127937K, capacity 129969K, committed 132232K, reserved 1163264K
  class space    used 16383K, capacity 17245K, committed 18048K, reserved 1048576K
}
Event: 11862.052 GC heap before
{Heap before GC invocations=1405 (full 16):
 garbage-first heap   total 389120K, used 316055K [0x0000000740000000, 0x0000000800000000)
  region size 1024K, 60 young (61440K), 2 survivors (2048K)
 Metaspace       used 127937K, capacity 129969K, committed 132232K, reserved 1163264K
  class space    used 16383K, capacity 17245K, committed 18048K, reserved 1048576K
}
Event: 11862.055 GC heap after
{Heap after GC invocations=1406 (full 16):
 garbage-first heap   total 389120K, used 256650K [0x0000000740000000, 0x0000000800000000)
  region size 1024K, 2 young (2048K), 2 survivors (2048K)
 Metaspace       used 127937K, capacity 129969K, committed 132232K, reserved 1163264K
  class space    used 16383K, capacity 17245K, committed 18048K, reserved 1048576K
}
Event: 11862.169 GC heap before
{Heap before GC invocations=1406 (full 16):
 garbage-first heap   total 389120K, used 316042K [0x0000000740000000, 0x0000000800000000)
  region size 1024K, 60 young (61440K), 2 survivors (2048K)
 Metaspace       used 127940K, capacity 129969K, committed 132232K, reserved 1163264K
  class space    used 16383K, capacity 17245K, committed 18048K, reserved 1048576K
}
Event: 11862.171 GC heap after
{Heap after GC invocations=1407 (full 16):
 garbage-first heap   total 389120K, used 257322K [0x0000000740000000, 0x0000000800000000)
  region size 1024K, 3 young (3072K), 3 survivors (3072K)
 Metaspace       used 127940K, capacity 129969K, committed 132232K, reserved 1163264K
  class space    used 16383K, capacity 17245K, committed 18048K, reserved 1048576K
}
Event: 11862.471 GC heap before
{Heap before GC invocations=1408 (full 16):
 garbage-first heap   total 389120K, used 312618K [0x0000000740000000, 0x0000000800000000)
  region size 1024K, 58 young (59392K), 3 survivors (3072K)
 Metaspace       used 127993K, capacity 130034K, committed 132232K, reserved 1163264K
  class space    used 16383K, capacity 17245K, committed 18048K, reserved 1048576K
}
Event: 11862.478 GC heap after
{Heap after GC invocations=1409 (full 16):
 garbage-first heap   total 389120K, used 259725K [0x0000000740000000, 0x0000000800000000)
  region size 1024K, 5 young (5120K), 5 survivors (5120K)
 Metaspace       used 127993K, capacity 130034K, committed 132232K, reserved 1163264K
  class space    used 16383K, capacity 17245K, committed 18048K, reserved 1048576K
}
Event: 11862.699 GC heap before
{Heap before GC invocations=1410 (full 16):
 garbage-first heap   total 389120K, used 331405K [0x0000000740000000, 0x0000000800000000)
  region size 1024K, 60 young (61440K), 5 survivors (5120K)
 Metaspace       used 127996K, capacity 130034K, committed 132232K, reserved 1163264K
  class space    used 16383K, capacity 17245K, committed 18048K, reserved 1048576K
}
Event: 11862.704 GC heap after
{Heap after GC invocations=1411 (full 16):
 garbage-first heap   total 389120K, used 275261K [0x0000000740000000, 0x0000000800000000)
  region size 1024K, 5 young (5120K), 5 survivors (5120K)
 Metaspace       used 127996K, capacity 130034K, committed 132232K, reserved 1163264K
  class space    used 16383K, capacity 17245K, committed 18048K, reserved 1048576K
}
Event: 11862.940 GC heap before
{Heap before GC invocations=1411 (full 16):
 garbage-first heap   total 389120K, used 317245K [0x0000000740000000, 0x0000000800000000)
  region size 1024K, 47 young (48128K), 5 survivors (5120K)
 Metaspace       used 127999K, capacity 130037K, committed 132232K, reserved 1163264K
  class space    used 16383K, capacity 17246K, committed 18048K, reserved 1048576K
}
Event: 11862.945 GC heap after
{Heap after GC invocations=1412 (full 16):
 garbage-first heap   total 389120K, used 275022K [0x0000000740000000, 0x0000000800000000)
  region size 1024K, 4 young (4096K), 4 survivors (4096K)
 Metaspace       used 127999K, capacity 130037K, committed 132232K, reserved 1163264K
  class space    used 16383K, capacity 17246K, committed 18048K, reserved 1048576K
}
Event: 11862.968 GC heap before
{Heap before GC invocations=1412 (full 16):
 garbage-first heap   total 389120K, used 291406K [0x0000000740000000, 0x0000000800000000)
  region size 1024K, 6 young (6144K), 4 survivors (4096K)
 Metaspace       used 127999K, capacity 130037K, committed 132232K, reserved 1163264K
  class space    used 16383K, capacity 17246K, committed 18048K, reserved 1048576K
}
Event: 11863.068 GC heap after
{Heap after GC invocations=1413 (full 17):
 garbage-first heap   total 429056K, used 251652K [0x0000000740000000, 0x0000000800000000)
  region size 1024K, 0 young (0K), 0 survivors (0K)
 Metaspace       used 127999K, capacity 130037K, committed 132232K, reserved 1163264K
  class space    used 16383K, capacity 17246K, committed 18048K, reserved 1048576K
}

